c:\users\nhido\documents\github\hin018_gameloft_dovannhi\programming_lesson_06\trainingframework\release-nvidia\vc142.pdb
c:\users\nhido\documents\github\hin018_gameloft_dovannhi\programming_lesson_06\trainingframework\release-nvidia\trainingframework.obj
c:\users\nhido\documents\github\hin018_gameloft_dovannhi\programming_lesson_06\trainingframework\release-nvidia\gsplay.obj
c:\users\nhido\documents\github\hin018_gameloft_dovannhi\programming_lesson_06\trainingframework\release-nvidia\gsoption.obj
c:\users\nhido\documents\github\hin018_gameloft_dovannhi\programming_lesson_06\trainingframework\release-nvidia\gsmenu.obj
c:\users\nhido\documents\github\hin018_gameloft_dovannhi\programming_lesson_06\trainingframework\release-nvidia\gsintro.obj
c:\users\nhido\documents\github\hin018_gameloft_dovannhi\programming_lesson_06\trainingframework\release-nvidia\gamestatemachine.obj
c:\users\nhido\documents\github\hin018_gameloft_dovannhi\programming_lesson_06\trainingframework\release-nvidia\gamestatebase.obj
c:\users\nhido\documents\github\hin018_gameloft_dovannhi\programming_lesson_06\trainingframework\release-nvidia\texture.obj
c:\users\nhido\documents\github\hin018_gameloft_dovannhi\programming_lesson_06\trainingframework\release-nvidia\text.obj
c:\users\nhido\documents\github\hin018_gameloft_dovannhi\programming_lesson_06\trainingframework\release-nvidia\shaders.obj
c:\users\nhido\documents\github\hin018_gameloft_dovannhi\programming_lesson_06\trainingframework\release-nvidia\models.obj
c:\users\nhido\documents\github\hin018_gameloft_dovannhi\programming_lesson_06\trainingframework\release-nvidia\sprite3d.obj
c:\users\nhido\documents\github\hin018_gameloft_dovannhi\programming_lesson_06\trainingframework\release-nvidia\camera.obj
c:\users\nhido\documents\github\hin018_gameloft_dovannhi\programming_lesson_06\trainingframework\release-nvidia\sprite2d.obj
c:\users\nhido\documents\github\hin018_gameloft_dovannhi\programming_lesson_06\trainingframework\release-nvidia\gamebutton.obj
c:\users\nhido\documents\github\hin018_gameloft_dovannhi\programming_lesson_06\trainingframework\release-nvidia\font.obj
c:\users\nhido\documents\github\hin018_gameloft_dovannhi\programming_lesson_06\trainingframework\release-nvidia\resourcemanagers.obj
c:\users\nhido\documents\github\hin018_gameloft_dovannhi\programming_lesson_06\trainingframework\release-nvidia\application.obj
c:\users\nhido\documents\github\hin018_gameloft_dovannhi\programming_lesson_06\trainingframework\release-nvidia\player.obj
c:\users\nhido\documents\github\hin018_gameloft_dovannhi\programming_lesson_06\trainingframework\release-nvidia\dynamicsprite.obj
c:\users\nhido\documents\github\hin018_gameloft_dovannhi\programming_lesson_06\bin-nvidia\trainingframework.exe
c:\users\nhido\documents\github\hin018_gameloft_dovannhi\programming_lesson_06\bin-nvidia\trainingframework.pdb
c:\users\nhido\documents\github\hin018_gameloft_dovannhi\programming_lesson_06\bin-nvidia\trainingframework.ipdb
c:\users\nhido\documents\github\hin018_gameloft_dovannhi\programming_lesson_06\bin-nvidia\trainingframework.iobj
c:\users\nhido\documents\github\hin018_gameloft_dovannhi\programming_lesson_06\\bin-nvidia\trainingframework.pdb
c:\users\nhido\documents\github\hin018_gameloft_dovannhi\programming_lesson_06\\bin-nvidia\trainingframework.exe
c:\users\nhido\documents\github\hin018_gameloft_dovannhi\programming_lesson_06\trainingframework\release-nvidia\training.fc024ec8.tlog\cl.command.1.tlog
c:\users\nhido\documents\github\hin018_gameloft_dovannhi\programming_lesson_06\trainingframework\release-nvidia\training.fc024ec8.tlog\cl.read.1.tlog
c:\users\nhido\documents\github\hin018_gameloft_dovannhi\programming_lesson_06\trainingframework\release-nvidia\training.fc024ec8.tlog\cl.write.1.tlog
c:\users\nhido\documents\github\hin018_gameloft_dovannhi\programming_lesson_06\trainingframework\release-nvidia\training.fc024ec8.tlog\link.command.1.tlog
c:\users\nhido\documents\github\hin018_gameloft_dovannhi\programming_lesson_06\trainingframework\release-nvidia\training.fc024ec8.tlog\link.read.1.tlog
c:\users\nhido\documents\github\hin018_gameloft_dovannhi\programming_lesson_06\trainingframework\release-nvidia\training.fc024ec8.tlog\link.write.1.tlog
c:\users\nhido\documents\github\hin018_gameloft_dovannhi\programming_lesson_06\trainingframework\release-nvidia\training.fc024ec8.tlog\trainingframework.write.1u.tlog
