c:\users\nhido\downloads\gameloft\programming\utilities\debug-nvidia\utilities.pdb
c:\users\nhido\downloads\gameloft\programming\utilities\debug-nvidia\utilities.idb
c:\users\nhido\downloads\gameloft\programming\utilities\debug-nvidia\esshader.obj
c:\users\nhido\downloads\gameloft\programming\utilities\debug-nvidia\esutil.obj
c:\users\nhido\downloads\gameloft\programming\utilities\debug-nvidia\esutil_win.obj
c:\users\nhido\downloads\gameloft\programming\utilities\debug-nvidia\u_math.obj
c:\users\nhido\downloads\gameloft\programming\utilities\debug-nvidia\memorymanager.obj
c:\users\nhido\downloads\gameloft\programming\utilities\debug-nvidia\memoryoperators.obj
c:\users\nhido\downloads\gameloft\programming\utilities\debug-nvidia\tga.obj
c:\users\nhido\documents\github\hin018_gameloft_dovannhi\programming\utilities\debug-nvidia\utilities.pdb
c:\users\nhido\documents\github\hin018_gameloft_dovannhi\programming\utilities\debug-nvidia\utilities.idb
c:\users\nhido\documents\github\hin018_gameloft_dovannhi\programming\utilities\debug-nvidia\esshader.obj
c:\users\nhido\documents\github\hin018_gameloft_dovannhi\programming\utilities\debug-nvidia\esutil.obj
c:\users\nhido\documents\github\hin018_gameloft_dovannhi\programming\utilities\debug-nvidia\esutil_win.obj
c:\users\nhido\documents\github\hin018_gameloft_dovannhi\programming\utilities\debug-nvidia\u_math.obj
c:\users\nhido\documents\github\hin018_gameloft_dovannhi\programming\utilities\debug-nvidia\memorymanager.obj
c:\users\nhido\documents\github\hin018_gameloft_dovannhi\programming\utilities\debug-nvidia\memoryoperators.obj
c:\users\nhido\documents\github\hin018_gameloft_dovannhi\programming\utilities\debug-nvidia\tga.obj
c:\users\nhido\downloads\gameloft\programming\bin-nvidia\utilitiesd.lib
c:\users\nhido\documents\github\hin018_gameloft_dovannhi\programming\bin-nvidia\utilitiesd.lib
c:\users\nhido\documents\github\hin018_gameloft_dovannhi\programming\utilities\debug-nvidia\utilities.tlog\cl.command.1.tlog
c:\users\nhido\documents\github\hin018_gameloft_dovannhi\programming\utilities\debug-nvidia\utilities.tlog\cl.read.1.tlog
c:\users\nhido\documents\github\hin018_gameloft_dovannhi\programming\utilities\debug-nvidia\utilities.tlog\cl.write.1.tlog
c:\users\nhido\documents\github\hin018_gameloft_dovannhi\programming\utilities\debug-nvidia\utilities.tlog\lib-link.read.1.tlog
c:\users\nhido\documents\github\hin018_gameloft_dovannhi\programming\utilities\debug-nvidia\utilities.tlog\lib-link.write.1.tlog
c:\users\nhido\documents\github\hin018_gameloft_dovannhi\programming\utilities\debug-nvidia\utilities.tlog\lib.command.1.tlog
