cl : command line warning D9035: option 'Gm' has been deprecated and will be removed in a future release
  TrainingFramework.cpp
  Texture.cpp
  Shaders.cpp
  Models.cpp
C:\Users\nhido\Documents\GitHub\HIN018_GameLoft_DoVanNhi\Programming\TrainingFramework\src\GameObject\Models.cpp(35,12): warning C4996: 'fopen': This function or variable may be unsafe. Consider using fopen_s instead. To disable deprecation, use _CRT_SECURE_NO_WARNINGS. See online help for details.
C:\Users\nhido\Documents\GitHub\HIN018_GameLoft_DoVanNhi\Programming\TrainingFramework\src\GameObject\Models.cpp(53,3): warning C4996: 'fscanf': This function or variable may be unsafe. Consider using fscanf_s instead. To disable deprecation, use _CRT_SECURE_NO_WARNINGS. See online help for details.
C:\Users\nhido\Documents\GitHub\HIN018_GameLoft_DoVanNhi\Programming\TrainingFramework\src\GameObject\Models.cpp(54,3): warning C4996: 'fscanf': This function or variable may be unsafe. Consider using fscanf_s instead. To disable deprecation, use _CRT_SECURE_NO_WARNINGS. See online help for details.
C:\Users\nhido\Documents\GitHub\HIN018_GameLoft_DoVanNhi\Programming\TrainingFramework\src\GameObject\Models.cpp(60,4): warning C4996: 'fscanf': This function or variable may be unsafe. Consider using fscanf_s instead. To disable deprecation, use _CRT_SECURE_NO_WARNINGS. See online help for details.
C:\Users\nhido\Documents\GitHub\HIN018_GameLoft_DoVanNhi\Programming\TrainingFramework\src\GameObject\Models.cpp(62,25): warning C4996: 'fscanf': This function or variable may be unsafe. Consider using fscanf_s instead. To disable deprecation, use _CRT_SECURE_NO_WARNINGS. See online help for details.
C:\Users\nhido\Documents\GitHub\HIN018_GameLoft_DoVanNhi\Programming\TrainingFramework\src\GameObject\Models.cpp(63,4): warning C4996: 'fscanf': This function or variable may be unsafe. Consider using fscanf_s instead. To disable deprecation, use _CRT_SECURE_NO_WARNINGS. See online help for details.
C:\Users\nhido\Documents\GitHub\HIN018_GameLoft_DoVanNhi\Programming\TrainingFramework\src\GameObject\Models.cpp(64,4): warning C4996: 'fscanf': This function or variable may be unsafe. Consider using fscanf_s instead. To disable deprecation, use _CRT_SECURE_NO_WARNINGS. See online help for details.
C:\Users\nhido\Documents\GitHub\HIN018_GameLoft_DoVanNhi\Programming\TrainingFramework\src\GameObject\Models.cpp(66,25): warning C4996: 'fscanf': This function or variable may be unsafe. Consider using fscanf_s instead. To disable deprecation, use _CRT_SECURE_NO_WARNINGS. See online help for details.
C:\Users\nhido\Documents\GitHub\HIN018_GameLoft_DoVanNhi\Programming\TrainingFramework\src\GameObject\Models.cpp(67,4): warning C4996: 'fscanf': This function or variable may be unsafe. Consider using fscanf_s instead. To disable deprecation, use _CRT_SECURE_NO_WARNINGS. See online help for details.
C:\Users\nhido\Documents\GitHub\HIN018_GameLoft_DoVanNhi\Programming\TrainingFramework\src\GameObject\Models.cpp(68,4): warning C4996: 'fscanf': This function or variable may be unsafe. Consider using fscanf_s instead. To disable deprecation, use _CRT_SECURE_NO_WARNINGS. See online help for details.
C:\Users\nhido\Documents\GitHub\HIN018_GameLoft_DoVanNhi\Programming\TrainingFramework\src\GameObject\Models.cpp(70,26): warning C4996: 'fscanf': This function or variable may be unsafe. Consider using fscanf_s instead. To disable deprecation, use _CRT_SECURE_NO_WARNINGS. See online help for details.
C:\Users\nhido\Documents\GitHub\HIN018_GameLoft_DoVanNhi\Programming\TrainingFramework\src\GameObject\Models.cpp(71,4): warning C4996: 'fscanf': This function or variable may be unsafe. Consider using fscanf_s instead. To disable deprecation, use _CRT_SECURE_NO_WARNINGS. See online help for details.
C:\Users\nhido\Documents\GitHub\HIN018_GameLoft_DoVanNhi\Programming\TrainingFramework\src\GameObject\Models.cpp(72,4): warning C4996: 'fscanf': This function or variable may be unsafe. Consider using fscanf_s instead. To disable deprecation, use _CRT_SECURE_NO_WARNINGS. See online help for details.
C:\Users\nhido\Documents\GitHub\HIN018_GameLoft_DoVanNhi\Programming\TrainingFramework\src\GameObject\Models.cpp(74,25): warning C4996: 'fscanf': This function or variable may be unsafe. Consider using fscanf_s instead. To disable deprecation, use _CRT_SECURE_NO_WARNINGS. See online help for details.
C:\Users\nhido\Documents\GitHub\HIN018_GameLoft_DoVanNhi\Programming\TrainingFramework\src\GameObject\Models.cpp(75,4): warning C4996: 'fscanf': This function or variable may be unsafe. Consider using fscanf_s instead. To disable deprecation, use _CRT_SECURE_NO_WARNINGS. See online help for details.
C:\Users\nhido\Documents\GitHub\HIN018_GameLoft_DoVanNhi\Programming\TrainingFramework\src\GameObject\Models.cpp(76,4): warning C4996: 'fscanf': This function or variable may be unsafe. Consider using fscanf_s instead. To disable deprecation, use _CRT_SECURE_NO_WARNINGS. See online help for details.
C:\Users\nhido\Documents\GitHub\HIN018_GameLoft_DoVanNhi\Programming\TrainingFramework\src\GameObject\Models.cpp(78,25): warning C4996: 'fscanf': This function or variable may be unsafe. Consider using fscanf_s instead. To disable deprecation, use _CRT_SECURE_NO_WARNINGS. See online help for details.
C:\Users\nhido\Documents\GitHub\HIN018_GameLoft_DoVanNhi\Programming\TrainingFramework\src\GameObject\Models.cpp(79,4): warning C4996: 'fscanf': This function or variable may be unsafe. Consider using fscanf_s instead. To disable deprecation, use _CRT_SECURE_NO_WARNINGS. See online help for details.
C:\Users\nhido\Documents\GitHub\HIN018_GameLoft_DoVanNhi\Programming\TrainingFramework\src\GameObject\Models.cpp(84,3): warning C4996: 'fscanf': This function or variable may be unsafe. Consider using fscanf_s instead. To disable deprecation, use _CRT_SECURE_NO_WARNINGS. See online help for details.
C:\Users\nhido\Documents\GitHub\HIN018_GameLoft_DoVanNhi\Programming\TrainingFramework\src\GameObject\Models.cpp(89,4): warning C4996: 'fscanf': This function or variable may be unsafe. Consider using fscanf_s instead. To disable deprecation, use _CRT_SECURE_NO_WARNINGS. See online help for details.
C:\Users\nhido\Documents\GitHub\HIN018_GameLoft_DoVanNhi\Programming\TrainingFramework\src\GameObject\Models.cpp(90,4): warning C4996: 'fscanf': This function or variable may be unsafe. Consider using fscanf_s instead. To disable deprecation, use _CRT_SECURE_NO_WARNINGS. See online help for details.
C:\Users\nhido\Documents\GitHub\HIN018_GameLoft_DoVanNhi\Programming\TrainingFramework\src\GameObject\Models.cpp(91,4): warning C4996: 'fscanf': This function or variable may be unsafe. Consider using fscanf_s instead. To disable deprecation, use _CRT_SECURE_NO_WARNINGS. See online help for details.
C:\Users\nhido\Documents\GitHub\HIN018_GameLoft_DoVanNhi\Programming\TrainingFramework\src\GameObject\Models.cpp(92,4): warning C4996: 'fscanf': This function or variable may be unsafe. Consider using fscanf_s instead. To disable deprecation, use _CRT_SECURE_NO_WARNINGS. See online help for details.
C:\Users\nhido\Documents\GitHub\HIN018_GameLoft_DoVanNhi\Programming\TrainingFramework\src\GameObject\Models.cpp(93,4): warning C4996: 'fscanf': This function or variable may be unsafe. Consider using fscanf_s instead. To disable deprecation, use _CRT_SECURE_NO_WARNINGS. See online help for details.
  Sprite3D.cpp
  Camera.cpp
  Sprite2D.cpp
C:\Users\nhido\Documents\GitHub\HIN018_GameLoft_DoVanNhi\Programming\TrainingFramework\src\GameObject\Sprite2D.cpp(168,13): warning C4244: 'initializing': conversion from 'double' to 'GLfloat', possible loss of data
C:\Users\nhido\Documents\GitHub\HIN018_GameLoft_DoVanNhi\Programming\TrainingFramework\src\GameObject\Sprite2D.cpp(169,13): warning C4244: 'initializing': conversion from 'double' to 'GLfloat', possible loss of data
C:\Users\nhido\Documents\GitHub\HIN018_GameLoft_DoVanNhi\Programming\TrainingFramework\src\GameObject\Sprite2D.cpp(179,11): warning C4244: 'initializing': conversion from 'double' to 'float', possible loss of data
C:\Users\nhido\Documents\GitHub\HIN018_GameLoft_DoVanNhi\Programming\TrainingFramework\src\GameObject\Sprite2D.cpp(180,11): warning C4244: 'initializing': conversion from 'double' to 'float', possible loss of data
C:\Users\nhido\Documents\GitHub\HIN018_GameLoft_DoVanNhi\Programming\TrainingFramework\src\GameObject\Sprite2D.cpp(209,21): warning C4244: '=': conversion from 'double' to 'GLfloat', possible loss of data
C:\Users\nhido\Documents\GitHub\HIN018_GameLoft_DoVanNhi\Programming\TrainingFramework\src\GameObject\Sprite2D.cpp(214,21): warning C4244: '=': conversion from 'double' to 'GLfloat', possible loss of data
  Application.cpp
C:\Users\nhido\Documents\GitHub\HIN018_GameLoft_DoVanNhi\Programming\TrainingFramework\src\Application.cpp(86,50): warning C4305: 'argument': truncation from 'double' to 'GLfloat'
  Generating Code...
Application.obj : warning LNK4075: ignoring '/EDITANDCONTINUE' due to '/SAFESEH' specification
  TrainingFramework.vcxproj -> C:\Users\nhido\Documents\GitHub\HIN018_GameLoft_DoVanNhi\Programming\\BIN-Nvidia\TrainingFramework.exe
