c:\users\nhido\downloads\programming\trainingframework\debug-nvidia\vc142.pdb
c:\users\nhido\downloads\programming\trainingframework\debug-nvidia\vc142.idb
c:\users\nhido\downloads\programming\trainingframework\debug-nvidia\application.obj
c:\users\nhido\downloads\programming\trainingframework\debug-nvidia\sprite2d.obj
c:\users\nhido\downloads\programming\trainingframework\debug-nvidia\camera.obj
c:\users\nhido\downloads\programming\trainingframework\debug-nvidia\sprite3d.obj
c:\users\nhido\downloads\programming\trainingframework\debug-nvidia\models.obj
c:\users\nhido\downloads\programming\trainingframework\debug-nvidia\shaders.obj
c:\users\nhido\downloads\programming\trainingframework\debug-nvidia\texture.obj
c:\users\nhido\downloads\programming\trainingframework\debug-nvidia\trainingframework.obj
c:\users\nhido\downloads\programming\bin-nvidia\trainingframework.exe
c:\users\nhido\downloads\programming\bin-nvidia\trainingframework.ilk
c:\users\nhido\downloads\programming\bin-nvidia\trainingframework.pdb
c:\users\nhido\downloads\programming\\bin-nvidia\trainingframework.pdb
c:\users\nhido\downloads\programming\\bin-nvidia\trainingframework.exe
c:\users\nhido\downloads\programming\\bin-nvidia\trainingframework.ilk
c:\users\nhido\downloads\programming\trainingframework\debug-nvidia\training.fc024ec8.tlog\cl.command.1.tlog
c:\users\nhido\downloads\programming\trainingframework\debug-nvidia\training.fc024ec8.tlog\cl.read.1.tlog
c:\users\nhido\downloads\programming\trainingframework\debug-nvidia\training.fc024ec8.tlog\cl.write.1.tlog
c:\users\nhido\downloads\programming\trainingframework\debug-nvidia\training.fc024ec8.tlog\link.command.1.tlog
c:\users\nhido\downloads\programming\trainingframework\debug-nvidia\training.fc024ec8.tlog\link.read.1.tlog
c:\users\nhido\downloads\programming\trainingframework\debug-nvidia\training.fc024ec8.tlog\link.write.1.tlog
